\BOOKMARK [0][-]{chapter.1}{\376\377\000I\000n\000t\000r\000o\000d\000u\000z\000i\000o\000n\000e}{}% 1
\BOOKMARK [0][-]{chapter.2}{\376\377\000P\000r\000i\000m\000o\000\040\000a\000p\000p\000r\000o\000c\000c\000i\000o}{}% 2
\BOOKMARK [1][-]{section.2.1}{\376\377\000R\000a\000c\000c\000o\000l\000t\000a\000\040\000d\000e\000i\000\040\000r\000e\000q\000u\000i\000s\000i\000t\000i\000\040\000e\000s\000p\000l\000o\000r\000a\000t\000i\000v\000a}{chapter.2}% 3
\BOOKMARK [1][-]{section.2.2}{\376\377\000S\000t\000u\000d\000i\000o\000\040\000d\000i\000\040\000f\000a\000t\000t\000i\000b\000i\000l\000i\000t\000\340}{chapter.2}% 4
\BOOKMARK [2][-]{subsection.2.2.1}{\376\377\000A\000p\000p\000r\000o\000f\000o\000n\000d\000i\000m\000e\000n\000t\000o\000:\000\040\000C\000o\000m\000e\000\040\000s\000i\000\040\000v\000a\000l\000u\000t\000a\000\040\000i\000l\000\040\000s\000u\000c\000c\000e\000s\000s\000o\000?}{section.2.2}% 5
\BOOKMARK [0][-]{chapter.3}{\376\377\000P\000i\000a\000n\000i\000f\000i\000c\000a\000z\000i\000o\000n\000e\000\040\000i\000n\000i\000z\000i\000a\000l\000e}{}% 6
\BOOKMARK [0][-]{chapter.4}{\376\377\000R\000a\000c\000c\000o\000l\000t\000a\000\040\000d\000e\000i\000\040\000r\000e\000q\000u\000i\000s\000i\000t\000i}{}% 7
\BOOKMARK [1][-]{section.4.1}{\376\377\000R\000a\000c\000c\000o\000l\000t\000a\000\040\000e\000\040\000a\000n\000a\000l\000i\000s\000i\000\040\000d\000e\000i\000\040\000r\000e\000q\000u\000i\000s\000i\000t\000i}{chapter.4}% 8
\BOOKMARK [2][-]{subsection.4.1.1}{\376\377\000A\000p\000p\000r\000o\000f\000o\000n\000d\000i\000m\000e\000n\000t\000o\000:\000\040\000R\000e\000q\000u\000i\000s\000i\000t\000i\000\040\000d\000i\000\040\000q\000u\000a\000l\000i\000t\000\340}{section.4.1}% 9
\BOOKMARK [2][-]{subsection.4.1.2}{\376\377\000A\000p\000p\000r\000o\000f\000o\000n\000d\000i\000m\000e\000n\000t\000o\000:\000\040\000R\000i\000s\000k\000\040\000m\000a\000n\000a\000g\000e\000m\000e\000n\000t}{section.4.1}% 10
\BOOKMARK [0][-]{chapter.5}{\376\377\000P\000r\000o\000g\000e\000t\000t\000a\000z\000i\000o\000n\000e\000\040\000a\000r\000c\000h\000i\000t\000e\000t\000t\000u\000r\000a\000l\000e}{}% 11
\BOOKMARK [1][-]{section.5.1}{\376\377\000A\000r\000c\000h\000i\000t\000e\000t\000t\000u\000r\000a\000\040\000d\000e\000l\000\040\000s\000i\000s\000t\000e\000m\000a}{chapter.5}% 12
\BOOKMARK [2][-]{subsection.5.1.1}{\376\377\000A\000p\000p\000r\000o\000f\000o\000n\000d\000i\000m\000e\000n\000t\000o\000:\000\040\000A\000r\000c\000h\000i\000t\000e\000t\000t\000u\000r\000a\000\040\000R\000E\000S\000T\000\040\000e\000\040\000f\000o\000r\000m\000a\000t\000o\000\040\000J\000S\000O\000N}{section.5.1}% 13
\BOOKMARK [1][-]{section.5.2}{\376\377\000M\000e\000t\000o\000d\000o\000l\000o\000g\000i\000a\000\040\000d\000i\000\040\000l\000a\000v\000o\000r\000o}{chapter.5}% 14
\BOOKMARK [1][-]{section.5.3}{\376\377\000S\000t\000i\000m\000a\000\040\000d\000e\000i\000\040\000t\000e\000m\000p\000i\000,\000\040\000c\000o\000s\000t\000i\000\040\000e\000\040\000r\000i\000s\000o\000r\000s\000e}{chapter.5}% 15
\BOOKMARK [0][-]{chapter.6}{\376\377\000Q\000u\000a\000l\000i\000t\000\340\000\040\000d\000e\000l\000\040\000s\000o\000f\000t\000w\000a\000r\000e}{}% 16
\BOOKMARK [1][-]{subsection.6.0.1}{\376\377\000A\000p\000p\000r\000o\000f\000o\000n\000d\000i\000m\000e\000n\000t\000o\000:\000\040\000Q\000u\000a\000l\000i\000t\000\340\000\040\000d\000e\000l\000\040\000s\000o\000f\000t\000w\000a\000r\000e}{chapter.6}% 17
\BOOKMARK [2][-]{subsection.6.0.2}{\376\377\000A\000p\000p\000r\000o\000f\000o\000n\000d\000i\000m\000e\000n\000t\000o\000:\000\040\000T\000e\000s\000t\000i\000n\000g}{subsection.6.0.1}% 18
\BOOKMARK [0][-]{chapter.7}{\376\377\000D\000a\000t\000a\000b\000a\000s\000e}{}% 19
\BOOKMARK [1][-]{section.7.1}{\376\377\000P\000r\000o\000g\000e\000t\000t\000a\000z\000i\000o\000n\000e\000\040\000c\000o\000n\000c\000e\000t\000t\000u\000a\000l\000e}{chapter.7}% 20
\BOOKMARK [1][-]{section.7.2}{\376\377\000P\000r\000o\000g\000e\000t\000t\000a\000z\000i\000o\000n\000e\000\040\000l\000o\000g\000i\000c\000a}{chapter.7}% 21
\BOOKMARK [1][-]{section.7.3}{\376\377\000P\000r\000o\000g\000e\000t\000t\000a\000z\000i\000o\000n\000e\000\040\000f\000i\000s\000i\000c\000a\000\040\000e\000\040\000i\000m\000p\000l\000e\000m\000e\000n\000t\000a\000z\000i\000o\000n\000e}{chapter.7}% 22
\BOOKMARK [1][-]{section.7.4}{\376\377\000D\000e\000p\000l\000o\000y\000\040\000l\000o\000c\000a\000l\000e}{chapter.7}% 23
\BOOKMARK [2][-]{subsection.7.4.1}{\376\377\000A\000p\000p\000r\000o\000f\000o\000n\000d\000i\000m\000e\000n\000t\000o\000:\000\040\000U\000t\000i\000l\000i\000z\000z\000o\000\040\000d\000i\000\040\000D\000o\000c\000k\000e\000r}{section.7.4}% 24
\BOOKMARK [1][-]{section.7.5}{\376\377\000T\000e\000s\000t\000i\000n\000g}{chapter.7}% 25
\BOOKMARK [0][-]{chapter.8}{\376\377\000A\000P\000I\000\040\000w\000e\000b}{}% 26
\BOOKMARK [1][-]{section.8.1}{\376\377\000P\000r\000o\000g\000e\000t\000t\000a\000z\000i\000o\000n\000e}{chapter.8}% 27
\BOOKMARK [2][-]{subsection.8.1.1}{\376\377\000A\000p\000p\000r\000o\000f\000o\000n\000d\000i\000m\000e\000n\000t\000o\000:\000\040\000U\000t\000i\000l\000i\000z\000z\000o\000\040\000d\000i\000\040\000g\000i\000t\000\040\000p\000e\000r\000\040\000l\000o\000\040\000s\000v\000i\000l\000u\000p\000p\000o\000\040\000i\000n\000c\000r\000e\000m\000e\000n\000t\000a\000l\000e}{section.8.1}% 28
\BOOKMARK [2][-]{subsection.8.1.2}{\376\377\000A\000p\000p\000r\000o\000f\000o\000n\000d\000i\000m\000e\000n\000t\000o\000:\000\040\000W\000S\000G\000I}{section.8.1}% 29
\BOOKMARK [1][-]{section.8.2}{\376\377\000I\000n\000i\000z\000i\000a\000l\000i\000z\000z\000a\000z\000i\000o\000n\000e\000\040\000d\000e\000l\000\040\000c\000o\000n\000t\000e\000s\000t\000o}{chapter.8}% 30
\BOOKMARK [1][-]{section.8.3}{\376\377\000C\000o\000s\000t\000r\000u\000z\000i\000o\000n\000e\000\040\000l\000i\000b\000r\000e\000r\000i\000a\000\040\000d\000i\000\040\000s\000u\000p\000p\000o\000r\000t\000o}{chapter.8}% 31
\BOOKMARK [1][-]{section.8.4}{\376\377\000I\000m\000p\000l\000e\000m\000e\000n\000t\000a\000z\000i\000o\000n\000e\000\040\000A\000P\000I}{chapter.8}% 32
\BOOKMARK [1][-]{section.8.5}{\376\377\000A\000u\000t\000e\000n\000t\000i\000c\000a\000z\000i\000o\000n\000e}{chapter.8}% 33
\BOOKMARK [1][-]{section.8.6}{\376\377\000T\000e\000s\000t\000i\000n\000g}{chapter.8}% 34
\BOOKMARK [1][-]{section.8.7}{\376\377\000D\000e\000p\000l\000o\000y\000\040\000l\000o\000c\000a\000l\000e}{chapter.8}% 35
\BOOKMARK [0][-]{chapter.9}{\376\377\000S\000u\000d\000d\000i\000v\000i\000s\000i\000o\000n\000e\000\040\000d\000e\000i\000\040\000c\000o\000m\000p\000i\000t\000i\000\040\000t\000r\000a\000\040\000a\000p\000p\000\040\000e\000\040\000w\000e\000b\000s\000i\000t\000e}{}% 36
\BOOKMARK [0][-]{chapter.10}{\376\377\000A\000p\000p}{}% 37
\BOOKMARK [1][-]{section.10.1}{\376\377\000D\000e\000s\000i\000g\000n}{chapter.10}% 38
\BOOKMARK [2][-]{subsection.10.1.1}{\376\377\000A\000p\000p\000r\000o\000f\000o\000n\000d\000i\000m\000e\000n\000t\000o\000:\000\040\000U\000s\000e\000r\000-\000c\000e\000n\000t\000e\000r\000e\000d\000\040\000d\000e\000s\000i\000g\000n}{section.10.1}% 39
\BOOKMARK [1][-]{section.10.2}{\376\377\000P\000r\000o\000g\000e\000t\000t\000a\000z\000i\000o\000n\000e}{chapter.10}% 40
\BOOKMARK [1][-]{section.10.3}{\376\377\000I\000m\000p\000l\000e\000m\000e\000n\000t\000a\000z\000i\000o\000n\000e}{chapter.10}% 41
\BOOKMARK [1][-]{section.10.4}{\376\377\000T\000e\000s\000t\000i\000n\000g}{chapter.10}% 42
\BOOKMARK [0][-]{chapter.11}{\376\377\000W\000e\000b\000s\000i\000t\000e}{}% 43
\BOOKMARK [1][-]{section.11.1}{\376\377\000S\000t\000r\000u\000t\000t\000u\000r\000a}{chapter.11}% 44
\BOOKMARK [1][-]{section.11.2}{\376\377\000D\000e\000s\000i\000g\000n}{chapter.11}% 45
\BOOKMARK [1][-]{section.11.3}{\376\377\000I\000m\000p\000l\000e\000m\000e\000n\000t\000a\000z\000i\000o\000n\000e}{chapter.11}% 46
\BOOKMARK [2][-]{subsection.11.3.1}{\376\377\000A\000p\000p\000r\000o\000f\000o\000n\000d\000i\000m\000e\000n\000t\000o\000:\000\040\000T\000e\000m\000p\000l\000a\000t\000e\000\040\000c\000o\000n\000\040\000j\000i\000n\000j\000a\000\040\0002}{section.11.3}% 47
\BOOKMARK [1][-]{section.11.4}{\376\377\000T\000e\000s\000t\000i\000n\000g}{chapter.11}% 48
\BOOKMARK [1][-]{section.11.5}{\376\377\000D\000e\000p\000l\000o\000y\000\040\000l\000o\000c\000a\000l\000e}{chapter.11}% 49
\BOOKMARK [0][-]{chapter.12}{\376\377\000D\000e\000p\000l\000o\000y}{}% 50
\BOOKMARK [1][-]{section.12.1}{\376\377\000D\000e\000p\000l\000o\000y\000\040\000d\000e\000l\000\040\000d\000a\000t\000a\000b\000a\000s\000e}{chapter.12}% 51
\BOOKMARK [1][-]{section.12.2}{\376\377\000D\000e\000p\000l\000o\000y\000\040\000d\000e\000l\000l\000e\000\040\000A\000P\000I\000\040\000e\000\040\000w\000e\000b\000s\000i\000t\000e}{chapter.12}% 52
\BOOKMARK [1][-]{section.12.3}{\376\377\000P\000u\000b\000b\000l\000i\000c\000a\000z\000i\000o\000n\000e\000\040\000d\000e\000l\000l\000'\000a\000p\000p}{chapter.12}% 53
\BOOKMARK [0][-]{chapter.13}{\376\377\000C\000o\000n\000c\000l\000u\000s\000i\000o\000n\000i\000\040\000e\000\040\000s\000v\000i\000l\000u\000p\000p\000i\000\040\000f\000u\000t\000u\000r\000i}{}% 54
\BOOKMARK [0][-]{chapter*.315}{\376\377\000B\000i\000b\000l\000i\000o\000g\000r\000a\000f\000i\000a}{}% 55
