\BOOKMARK [0][-]{chapter*.2}{\376\377\000E\000l\000e\000n\000c\000o\000\040\000d\000e\000l\000l\000e\000\040\000f\000i\000g\000u\000r\000e}{}% 1
\BOOKMARK [1][-]{section.0.1}{\376\377\000I\000n\000t\000r\000o\000d\000u\000z\000i\000o\000n\000e}{chapter*.2}% 2
\BOOKMARK [1][-]{section.0.2}{\376\377\000P\000r\000i\000m\000o\000\040\000a\000p\000p\000r\000o\000c\000c\000i\000o}{chapter*.2}% 3
\BOOKMARK [2][-]{subsection.0.2.1}{\376\377\000R\000a\000c\000c\000o\000l\000t\000a\000\040\000d\000e\000i\000\040\000r\000e\000q\000u\000i\000s\000i\000t\000i\000\040\000e\000s\000p\000l\000o\000r\000a\000t\000i\000v\000a}{section.0.2}% 4
\BOOKMARK [2][-]{subsection.0.2.2}{\376\377\000S\000t\000u\000d\000i\000o\000\040\000d\000i\000\040\000f\000a\000t\000t\000i\000b\000i\000l\000i\000t\000\340}{section.0.2}% 5
\BOOKMARK [1][-]{section.0.3}{\376\377\000P\000i\000a\000n\000i\000f\000i\000c\000a\000z\000i\000o\000n\000e\000\040\000i\000n\000i\000z\000i\000a\000l\000e}{chapter*.2}% 6
\BOOKMARK [1][-]{section.0.4}{\376\377\000R\000a\000c\000c\000o\000l\000t\000a\000\040\000d\000e\000i\000\040\000r\000e\000q\000u\000i\000s\000i\000t\000i}{chapter*.2}% 7
\BOOKMARK [2][-]{subsection.0.4.1}{\376\377\000R\000a\000c\000c\000o\000l\000t\000a\000\040\000e\000\040\000a\000n\000a\000l\000i\000s\000i\000\040\000d\000e\000i\000\040\000r\000e\000q\000u\000i\000s\000i\000t\000i}{section.0.4}% 8
\BOOKMARK [1][-]{section.0.5}{\376\377\000P\000r\000o\000g\000e\000t\000t\000a\000z\000i\000o\000n\000e\000\040\000a\000r\000c\000h\000i\000t\000e\000t\000t\000u\000r\000a\000l\000e}{chapter*.2}% 9
\BOOKMARK [2][-]{subsection.0.5.1}{\376\377\000A\000r\000c\000h\000i\000t\000e\000t\000t\000u\000r\000a\000\040\000d\000e\000l\000\040\000s\000i\000s\000t\000e\000m\000a}{section.0.5}% 10
\BOOKMARK [2][-]{subsection.0.5.2}{\376\377\000M\000e\000t\000o\000d\000o\000l\000o\000g\000i\000a\000\040\000d\000i\000\040\000l\000a\000v\000o\000r\000o}{section.0.5}% 11
\BOOKMARK [2][-]{subsection.0.5.3}{\376\377\000S\000t\000i\000m\000a\000\040\000d\000e\000i\000\040\000t\000e\000m\000p\000i\000,\000\040\000c\000o\000s\000t\000i\000\040\000e\000\040\000r\000i\000s\000o\000r\000s\000e}{section.0.5}% 12
\BOOKMARK [1][-]{section.0.6}{\376\377\000Q\000u\000a\000l\000i\000t\000\340\000\040\000d\000e\000l\000\040\000s\000o\000f\000t\000w\000a\000r\000e}{chapter*.2}% 13
\BOOKMARK [1][-]{section.0.7}{\376\377\000D\000a\000t\000a\000b\000a\000s\000e}{chapter*.2}% 14
\BOOKMARK [2][-]{subsection.0.7.1}{\376\377\000P\000r\000o\000g\000e\000t\000t\000a\000z\000i\000o\000n\000e\000\040\000c\000o\000n\000c\000e\000t\000t\000u\000a\000l\000e}{section.0.7}% 15
\BOOKMARK [2][-]{subsection.0.7.2}{\376\377\000P\000r\000o\000g\000e\000t\000t\000a\000z\000i\000o\000n\000e\000\040\000l\000o\000g\000i\000c\000a}{section.0.7}% 16
\BOOKMARK [2][-]{subsection.0.7.3}{\376\377\000P\000r\000o\000g\000e\000t\000t\000a\000z\000i\000o\000n\000e\000\040\000f\000i\000s\000i\000c\000a\000\040\000e\000\040\000i\000m\000p\000l\000e\000m\000e\000n\000t\000a\000z\000i\000o\000n\000e}{section.0.7}% 17
\BOOKMARK [2][-]{subsection.0.7.4}{\376\377\000D\000e\000p\000l\000o\000y\000\040\000l\000o\000c\000a\000l\000e}{section.0.7}% 18
\BOOKMARK [2][-]{subsection.0.7.5}{\376\377\000T\000e\000s\000t\000i\000n\000g}{section.0.7}% 19
\BOOKMARK [1][-]{section.0.8}{\376\377\000A\000P\000I\000\040\000w\000e\000b}{chapter*.2}% 20
\BOOKMARK [2][-]{subsection.0.8.1}{\376\377\000P\000r\000o\000g\000e\000t\000t\000a\000z\000i\000o\000n\000e}{section.0.8}% 21
\BOOKMARK [2][-]{subsection.0.8.2}{\376\377\000I\000n\000i\000z\000i\000a\000l\000i\000z\000z\000a\000z\000i\000o\000n\000e\000\040\000d\000e\000l\000\040\000c\000o\000n\000t\000e\000s\000t\000o}{section.0.8}% 22
\BOOKMARK [2][-]{subsection.0.8.3}{\376\377\000C\000o\000s\000t\000r\000u\000z\000i\000o\000n\000e\000\040\000l\000i\000b\000r\000e\000r\000i\000a\000\040\000d\000i\000\040\000s\000u\000p\000p\000o\000r\000t\000o}{section.0.8}% 23
\BOOKMARK [2][-]{subsection.0.8.4}{\376\377\000I\000m\000p\000l\000e\000m\000e\000n\000t\000a\000z\000i\000o\000n\000e\000\040\000A\000P\000I}{section.0.8}% 24
\BOOKMARK [2][-]{subsection.0.8.5}{\376\377\000A\000u\000t\000e\000n\000t\000i\000c\000a\000z\000i\000o\000n\000e}{section.0.8}% 25
\BOOKMARK [2][-]{subsection.0.8.6}{\376\377\000T\000e\000s\000t\000i\000n\000g}{section.0.8}% 26
\BOOKMARK [2][-]{subsection.0.8.7}{\376\377\000D\000e\000p\000l\000o\000y\000\040\000l\000o\000c\000a\000l\000e}{section.0.8}% 27
\BOOKMARK [1][-]{section.0.9}{\376\377\000S\000u\000d\000d\000i\000v\000i\000s\000i\000o\000n\000e\000\040\000d\000e\000i\000\040\000c\000o\000m\000p\000i\000t\000i\000\040\000t\000r\000a\000\040\000a\000p\000p\000\040\000e\000\040\000w\000e\000b\000s\000i\000t\000e}{chapter*.2}% 28
\BOOKMARK [1][-]{section.0.10}{\376\377\000A\000p\000p}{chapter*.2}% 29
\BOOKMARK [2][-]{subsection.0.10.1}{\376\377\000D\000e\000s\000i\000g\000n}{section.0.10}% 30
\BOOKMARK [2][-]{subsection.0.10.2}{\376\377\000P\000r\000o\000g\000e\000t\000t\000a\000z\000i\000o\000n\000e}{section.0.10}% 31
\BOOKMARK [2][-]{subsection.0.10.3}{\376\377\000I\000m\000p\000l\000e\000m\000e\000n\000t\000a\000z\000i\000o\000n\000e}{section.0.10}% 32
\BOOKMARK [2][-]{subsection.0.10.4}{\376\377\000T\000e\000s\000t\000i\000n\000g}{section.0.10}% 33
\BOOKMARK [1][-]{section.0.11}{\376\377\000W\000e\000b\000s\000i\000t\000e}{chapter*.2}% 34
\BOOKMARK [2][-]{subsection.0.11.1}{\376\377\000S\000t\000r\000u\000t\000t\000u\000r\000a}{section.0.11}% 35
\BOOKMARK [2][-]{subsection.0.11.2}{\376\377\000D\000e\000s\000i\000g\000n}{section.0.11}% 36
\BOOKMARK [2][-]{subsection.0.11.3}{\376\377\000I\000m\000p\000l\000e\000m\000e\000n\000t\000a\000z\000i\000o\000n\000e}{section.0.11}% 37
\BOOKMARK [2][-]{subsection.0.11.4}{\376\377\000T\000e\000s\000t\000i\000n\000g}{section.0.11}% 38
\BOOKMARK [2][-]{subsection.0.11.5}{\376\377\000D\000e\000p\000l\000o\000y\000\040\000l\000o\000c\000a\000l\000e}{section.0.11}% 39
\BOOKMARK [1][-]{section.0.12}{\376\377\000D\000e\000p\000l\000o\000y}{chapter*.2}% 40
\BOOKMARK [2][-]{subsection.0.12.1}{\376\377\000D\000e\000p\000l\000o\000y\000\040\000d\000e\000l\000\040\000d\000a\000t\000a\000b\000a\000s\000e}{section.0.12}% 41
\BOOKMARK [2][-]{subsection.0.12.2}{\376\377\000D\000e\000p\000l\000o\000y\000\040\000d\000e\000l\000l\000e\000\040\000A\000P\000I\000\040\000e\000\040\000w\000e\000b\000s\000i\000t\000e}{section.0.12}% 42
\BOOKMARK [2][-]{subsection.0.12.3}{\376\377\000P\000u\000b\000b\000l\000i\000c\000a\000z\000i\000o\000n\000e\000\040\000d\000e\000l\000l\000'\000a\000p\000p}{section.0.12}% 43
\BOOKMARK [1][-]{section.0.13}{\376\377\000C\000o\000n\000c\000l\000u\000s\000i\000o\000n\000i\000\040\000e\000\040\000s\000v\000i\000l\000u\000p\000p\000i\000\040\000f\000u\000t\000u\000r\000i}{chapter*.2}% 44
\BOOKMARK [0][-]{chapter*.53}{\376\377\000B\000i\000b\000l\000i\000o\000g\000r\000a\000f\000i\000a}{}% 45
