This is pdfTeX, Version 3.14159265-2.6-1.40.18 (TeX Live 2017) (preloaded format=pdflatex 2017.10.23)  26 SEP 2018 08:22
entering extended mode
 restricted \write18 enabled.
 file:line:error style messages enabled.
 %&-line parsing enabled.
**presentazione.tex
(./presentazione.tex
LaTeX2e <2017-04-15>
Babel <3.10> and hyphenation patterns for 84 language(s) loaded.
(/usr/local/texlive/2017/texmf-dist/tex/latex/base/report.cls
Document Class: report 2014/09/29 v1.4h Standard LaTeX document class
(/usr/local/texlive/2017/texmf-dist/tex/latex/base/size12.clo
File: size12.clo 2014/09/29 v1.4h Standard LaTeX file (size option)
)
\c@part=\count79
\c@chapter=\count80
\c@section=\count81
\c@subsection=\count82
\c@subsubsection=\count83
\c@paragraph=\count84
\c@subparagraph=\count85
\c@figure=\count86
\c@table=\count87
\abovecaptionskip=\skip41
\belowcaptionskip=\skip42
\bibindent=\dimen102
)
(/usr/local/texlive/2017/texmf-dist/tex/generic/oberdiek/ifpdf.sty
Package: ifpdf 2017/03/15 v3.2 Provides the ifpdf switch
)
(/usr/local/texlive/2017/texmf-dist/tex/generic/babel/babel.sty
Package: babel 2017/05/19 3.10 The Babel package

(/usr/local/texlive/2017/texmf-dist/tex/generic/babel-italian/italian.ldf
Language: italian 2015/03/26 v1.3n Italian support from the babel system

(/usr/local/texlive/2017/texmf-dist/tex/generic/babel/babel.def
File: babel.def 2017/05/19 3.10 Babel common definitions
\babel@savecnt=\count88
\U@D=\dimen103
)
\it@lettering=\count89
\it@doublequoteactive=\count90
\it@ISOcompliance=\count91
))
(/usr/local/texlive/2017/texmf-dist/tex/latex/etoolbox/etoolbox.sty
Package: etoolbox 2017/01/02 v2.4 e-TeX tools for LaTeX (JAW)
\etb@tempcnta=\count92
)
(./uniudpres.sty
Package: uniudpres 2008/04/01 pdf slideshow presentation for a Udine University
 thesis; needs graphics file polloPallido2 and pollo; written by Gianluca Gorni

 (/usr/local/texlive/2017/texmf-dist/tex/latex/base/ifthen.sty
Package: ifthen 2014/09/29 v1.1c Standard LaTeX ifthen package (DPC)
) (/usr/local/texlive/2017/texmf-dist/tex/latex/graphics/graphicx.sty
Package: graphicx 2014/10/28 v1.0g Enhanced LaTeX Graphics (DPC,SPQR)

(/usr/local/texlive/2017/texmf-dist/tex/latex/graphics/keyval.sty
Package: keyval 2014/10/28 v1.15 key=value parser (DPC)
\KV@toks@=\toks14
)
(/usr/local/texlive/2017/texmf-dist/tex/latex/graphics/graphics.sty
Package: graphics 2017/04/14 v1.1b Standard LaTeX Graphics (DPC,SPQR)

(/usr/local/texlive/2017/texmf-dist/tex/latex/graphics/trig.sty
Package: trig 2016/01/03 v1.10 sin cos tan (DPC)
)
(/usr/local/texlive/2017/texmf-dist/tex/latex/graphics-cfg/graphics.cfg
File: graphics.cfg 2016/06/04 v1.11 sample graphics configuration
)
Package graphics Info: Driver file: pdftex.def on input line 99.

(/usr/local/texlive/2017/texmf-dist/tex/latex/graphics-def/pdftex.def
File: pdftex.def 2017/01/12 v0.06k Graphics/color for pdfTeX

(/usr/local/texlive/2017/texmf-dist/tex/generic/oberdiek/infwarerr.sty
Package: infwarerr 2016/05/16 v1.4 Providing info/warning/error messages (HO)
)
(/usr/local/texlive/2017/texmf-dist/tex/generic/oberdiek/ltxcmds.sty
Package: ltxcmds 2016/05/16 v1.23 LaTeX kernel commands for general use (HO)
)
\Gread@gobject=\count93
))
\Gin@req@height=\dimen104
\Gin@req@width=\dimen105
)
(/usr/local/texlive/2017/texmf-dist/tex/latex/graphics/color.sty
Package: color 2016/07/10 v1.1e Standard LaTeX Color (DPC)

(/usr/local/texlive/2017/texmf-dist/tex/latex/graphics-cfg/color.cfg
File: color.cfg 2016/01/02 v1.6 sample color configuration
)
Package color Info: Driver file: pdftex.def on input line 147.
)
(/usr/local/texlive/2017/texmf-dist/tex/latex/soul/soul.sty
Package: soul 2003/11/17 v2.4 letterspacing/underlining (mf)
\SOUL@word=\toks15
\SOUL@lasttoken=\toks16
\SOUL@cmds=\toks17
\SOUL@buffer=\toks18
\SOUL@token=\toks19
\SOUL@spaceskip=\skip43
\SOUL@ttwidth=\dimen106
\SOUL@uldp=\dimen107
\SOUL@ulht=\dimen108
)
(/usr/local/texlive/2017/texmf-dist/tex/latex/type1cm/type1cm.sty
Package: type1cm 2002/09/05 v0.04 BlueSky/Y&Y Type1 CM font definitions (DPC, p
atched RF)
)
(./marslide.sty
Package: marslide 2001/05/16 marslide.sty v1.0a

(/usr/local/texlive/2017/texmf-dist/tex/latex/amsfonts/amssymb.sty
Package: amssymb 2013/01/14 v3.01 AMS font symbols

(/usr/local/texlive/2017/texmf-dist/tex/latex/amsfonts/amsfonts.sty
Package: amsfonts 2013/01/14 v3.01 Basic AMSFonts support
\@emptytoks=\toks20
\symAMSa=\mathgroup4
\symAMSb=\mathgroup5
LaTeX Font Info:    Overwriting math alphabet `\mathfrak' in version `bold'
(Font)                  U/euf/m/n --> U/euf/b/n on input line 106.
))
(/usr/local/texlive/2017/texmf-dist/tex/latex/amsmath/amsmath.sty
Package: amsmath 2016/11/05 v2.16a AMS math features
\@mathmargin=\skip44

For additional information on amsmath, use the `?' option.
(/usr/local/texlive/2017/texmf-dist/tex/latex/amsmath/amstext.sty
Package: amstext 2000/06/29 v2.01 AMS text

(/usr/local/texlive/2017/texmf-dist/tex/latex/amsmath/amsgen.sty
File: amsgen.sty 1999/11/30 v2.0 generic functions
\@emptytoks=\toks21
\ex@=\dimen109
))
(/usr/local/texlive/2017/texmf-dist/tex/latex/amsmath/amsbsy.sty
Package: amsbsy 1999/11/29 v1.2d Bold Symbols
\pmbraise@=\dimen110
)
(/usr/local/texlive/2017/texmf-dist/tex/latex/amsmath/amsopn.sty
Package: amsopn 2016/03/08 v2.02 operator names
)
\inf@bad=\count94
LaTeX Info: Redefining \frac on input line 213.
\uproot@=\count95
\leftroot@=\count96
LaTeX Info: Redefining \overline on input line 375.
\classnum@=\count97
\DOTSCASE@=\count98
LaTeX Info: Redefining \ldots on input line 472.
LaTeX Info: Redefining \dots on input line 475.
LaTeX Info: Redefining \cdots on input line 596.
\Mathstrutbox@=\box26
\strutbox@=\box27
\big@size=\dimen111
LaTeX Font Info:    Redeclaring font encoding OML on input line 712.
LaTeX Font Info:    Redeclaring font encoding OMS on input line 713.
\macc@depth=\count99
\c@MaxMatrixCols=\count100
\dotsspace@=\muskip10
\c@parentequation=\count101
\dspbrk@lvl=\count102
\tag@help=\toks22
\row@=\count103
\column@=\count104
\maxfields@=\count105
\andhelp@=\toks23
\eqnshift@=\dimen112
\alignsep@=\dimen113
\tagshift@=\dimen114
\tagwidth@=\dimen115
\totwidth@=\dimen116
\lineht@=\dimen117
\@envbody=\toks24
\multlinegap=\skip45
\multlinetaggap=\skip46
\mathdisplay@stack=\toks25
LaTeX Info: Redefining \[ on input line 2817.
LaTeX Info: Redefining \] on input line 2818.
)
(/usr/local/texlive/2017/texmf-dist/tex/latex/tools/verbatim.sty
Package: verbatim 2014/10/28 v1.5q LaTeX2e package for verbatim enhancements
\every@verbatim=\toks26
\verbatim@line=\toks27
\verbatim@in@stream=\read1
)
(/usr/local/texlive/2017/texmf-dist/tex/latex/tools/multicol.sty
Package: multicol 2017/04/11 v1.8q multicolumn formatting (FMi)
\c@tracingmulticols=\count106
\mult@box=\box28
\multicol@leftmargin=\dimen118
\c@unbalance=\count107
\c@collectmore=\count108
\doublecol@number=\count109
\multicoltolerance=\count110
\multicolpretolerance=\count111
\full@width=\dimen119
\page@free=\dimen120
\premulticols=\dimen121
\postmulticols=\dimen122
\multicolsep=\skip47
\multicolbaselineskip=\skip48
\partial@page=\box29
\last@line=\box30
\maxbalancingoverflow=\dimen123
\mult@rightbox=\box31
\mult@grightbox=\box32
\mult@gfirstbox=\box33
\mult@firstbox=\box34
\@tempa=\box35
\@tempa=\box36
\@tempa=\box37
\@tempa=\box38
\@tempa=\box39
\@tempa=\box40
\@tempa=\box41
\@tempa=\box42
\@tempa=\box43
\@tempa=\box44
\@tempa=\box45
\@tempa=\box46
\@tempa=\box47
\@tempa=\box48
\@tempa=\box49
\@tempa=\box50
\@tempa=\box51
\c@columnbadness=\count112
\c@finalcolumnbadness=\count113
\last@try=\dimen124
\multicolovershoot=\dimen125
\multicolundershoot=\dimen126
\mult@nat@firstbox=\box52
\colbreak@box=\box53
\mc@col@check@num=\count114
)
(/usr/local/texlive/2017/texmf-dist/tex/latex/tools/tabularx.sty
Package: tabularx 2016/02/03 v2.11 `tabularx' package (DPC)

(/usr/local/texlive/2017/texmf-dist/tex/latex/tools/array.sty
Package: array 2016/10/06 v2.4d Tabular extension package (FMi)
\col@sep=\dimen127
\extrarowheight=\dimen128
\NC@list=\toks28
\extratabsurround=\skip49
\backup@length=\skip50
)
\TX@col@width=\dimen129
\TX@old@table=\dimen130
\TX@old@col=\dimen131
\TX@target=\dimen132
\TX@delta=\dimen133
\TX@cols=\count115
\TX@ftn=\toks29
)
(/usr/local/texlive/2017/texmf-dist/tex/latex/hyperref/hyperref.sty
Package: hyperref 2017/03/14 v6.85a Hypertext links for LaTeX

(/usr/local/texlive/2017/texmf-dist/tex/generic/oberdiek/hobsub-hyperref.sty
Package: hobsub-hyperref 2016/05/16 v1.14 Bundle oberdiek, subset hyperref (HO)


(/usr/local/texlive/2017/texmf-dist/tex/generic/oberdiek/hobsub-generic.sty
Package: hobsub-generic 2016/05/16 v1.14 Bundle oberdiek, subset generic (HO)
Package: hobsub 2016/05/16 v1.14 Construct package bundles (HO)
Package hobsub Info: Skipping package `infwarerr' (already loaded).
Package hobsub Info: Skipping package `ltxcmds' (already loaded).
Package: ifluatex 2016/05/16 v1.4 Provides the ifluatex switch (HO)
Package ifluatex Info: LuaTeX not detected.
Package: ifvtex 2016/05/16 v1.6 Detect VTeX and its facilities (HO)
Package ifvtex Info: VTeX not detected.
Package: intcalc 2016/05/16 v1.2 Expandable calculations with integers (HO)
Package hobsub Info: Skipping package `ifpdf' (already loaded).
Package: etexcmds 2016/05/16 v1.6 Avoid name clashes with e-TeX commands (HO)
Package etexcmds Info: Could not find \expanded.
(etexcmds)             That can mean that you are not using pdfTeX 1.50 or
(etexcmds)             that some package has redefined \expanded.
(etexcmds)             In the latter case, load this package earlier.
Package: kvsetkeys 2016/05/16 v1.17 Key value parser (HO)
Package: kvdefinekeys 2016/05/16 v1.4 Define keys (HO)
Package: pdftexcmds 2017/03/19 v0.25 Utility functions of pdfTeX for LuaTeX (HO
)
Package pdftexcmds Info: LuaTeX not detected.
Package pdftexcmds Info: \pdf@primitive is available.
Package pdftexcmds Info: \pdf@ifprimitive is available.
Package pdftexcmds Info: \pdfdraftmode found.
Package: pdfescape 2016/05/16 v1.14 Implements pdfTeX's escape features (HO)
Package: bigintcalc 2016/05/16 v1.4 Expandable calculations on big integers (HO
)
Package: bitset 2016/05/16 v1.2 Handle bit-vector datatype (HO)
Package: uniquecounter 2016/05/16 v1.3 Provide unlimited unique counter (HO)
)
Package hobsub Info: Skipping package `hobsub' (already loaded).
Package: letltxmacro 2016/05/16 v1.5 Let assignment for LaTeX macros (HO)
Package: hopatch 2016/05/16 v1.3 Wrapper for package hooks (HO)
Package: xcolor-patch 2016/05/16 xcolor patch
Package: atveryend 2016/05/16 v1.9 Hooks at the very end of document (HO)
Package: atbegshi 2016/06/09 v1.18 At begin shipout hook (HO)
Package: refcount 2016/05/16 v3.5 Data extraction from label references (HO)
Package: hycolor 2016/05/16 v1.8 Color options for hyperref/bookmark (HO)
)
(/usr/local/texlive/2017/texmf-dist/tex/generic/ifxetex/ifxetex.sty
Package: ifxetex 2010/09/12 v0.6 Provides ifxetex conditional
)
(/usr/local/texlive/2017/texmf-dist/tex/latex/oberdiek/auxhook.sty
Package: auxhook 2016/05/16 v1.4 Hooks for auxiliary files (HO)
)
(/usr/local/texlive/2017/texmf-dist/tex/latex/oberdiek/kvoptions.sty
Package: kvoptions 2016/05/16 v3.12 Key value format for package options (HO)
)
\@linkdim=\dimen134
\Hy@linkcounter=\count116
\Hy@pagecounter=\count117

(/usr/local/texlive/2017/texmf-dist/tex/latex/hyperref/pd1enc.def
File: pd1enc.def 2017/03/14 v6.85a Hyperref: PDFDocEncoding definition (HO)
)
\Hy@SavedSpaceFactor=\count118

(/usr/local/texlive/2017/texmf-dist/tex/latex/latexconfig/hyperref.cfg
File: hyperref.cfg 2002/06/06 v1.2 hyperref configuration of TeXLive
)
Package hyperref Info: Option `bookmarks' set `true' on input line 4374.
Package hyperref Info: Option `bookmarksopen' set `true' on input line 4374.
Package hyperref Info: Hyper figures OFF on input line 4498.
Package hyperref Info: Link nesting OFF on input line 4503.
Package hyperref Info: Hyper index ON on input line 4506.
Package hyperref Info: Plain pages OFF on input line 4513.
Package hyperref Info: Backreferencing OFF on input line 4518.
Package hyperref Info: Implicit mode ON; LaTeX internals redefined.
Package hyperref Info: Bookmarks ON on input line 4751.
\c@Hy@tempcnt=\count119

(/usr/local/texlive/2017/texmf-dist/tex/latex/url/url.sty
\Urlmuskip=\muskip11
Package: url 2013/09/16  ver 3.4  Verb mode for urls, etc.
)
LaTeX Info: Redefining \url on input line 5104.
\XeTeXLinkMargin=\dimen135
\Fld@menulength=\count120
\Field@Width=\dimen136
\Fld@charsize=\dimen137
Package hyperref Info: Hyper figures OFF on input line 6358.
Package hyperref Info: Link nesting OFF on input line 6363.
Package hyperref Info: Hyper index ON on input line 6366.
Package hyperref Info: backreferencing OFF on input line 6373.
Package hyperref Info: Link coloring OFF on input line 6378.
Package hyperref Info: Link coloring with OCG OFF on input line 6383.
Package hyperref Info: PDF/A mode OFF on input line 6388.
LaTeX Info: Redefining \ref on input line 6428.
LaTeX Info: Redefining \pageref on input line 6432.
\Hy@abspage=\count121
\c@Item=\count122
\c@Hfootnote=\count123
)

Package hyperref Message: Driver: hpdftex.

(/usr/local/texlive/2017/texmf-dist/tex/latex/hyperref/hpdftex.def
File: hpdftex.def 2017/03/14 v6.85a Hyperref driver for pdfTeX
\Fld@listcount=\count124
\c@bookmark@seq@number=\count125

(/usr/local/texlive/2017/texmf-dist/tex/latex/oberdiek/rerunfilecheck.sty
Package: rerunfilecheck 2016/05/16 v1.8 Rerun checks for auxiliary files (HO)
Package uniquecounter Info: New unique counter `rerunfilecheck' on input line 2
82.
)
\Hy@SectionHShift=\skip51
)
(./hugefonts.sty
File: hugefonts.sty 2000/09/20 v1.1 Non-Standard LaTeX file (Slide sizes)
) (./bgimages.sty
Package: bgimages 2001/01/08 bgimages.sty v1.0

(/usr/local/texlive/2017/texmf-dist/tex/latex/eso-pic/eso-pic.sty
Package: eso-pic 2015/07/21 v2.0g eso-pic (RN)
)
\bgimage@height=\dimen138
\bgimage@width=\dimen139
)
(./marsdefs.sty
Package: marsdefs 2001/04/27 marsden slide v1.0a

Setting Geometry Package to use Banners
(/usr/local/texlive/2017/texmf-dist/tex/latex/geometry/geometry.sty
Package: geometry 2010/09/12 v5.6 Page Geometry
\Gm@cnth=\count126
\Gm@cntv=\count127
\c@Gm@tempcnt=\count128
\Gm@bindingoffset=\dimen140
\Gm@wd@mp=\dimen141
\Gm@odd@mp=\dimen142
\Gm@even@mp=\dimen143
\Gm@layoutwidth=\dimen144
\Gm@layoutheight=\dimen145
\Gm@layouthoffset=\dimen146
\Gm@layoutvoffset=\dimen147
\Gm@dimlist=\toks30
)
usepackage: type1cm; TextFontname: ComputerModern; MathFontname: ComputerModern

\headitemwidth=\dimen148
LaTeX Info: Redefining \LaTeX on input line 524.
)
\c@theorem=\count129
\c@definition=\count130
\c@lemma=\count131
\c@proposition=\count132
\c@corrollary=\count133
Package hyperref Info: Option `colorlinks' set `true' on input line 1149.
 (./texpower.sty
Package: texpower 2003/05/15 v0.0.9d Create Dynamic Presentations with LaTeX.
 (/usr/local/texlive/2017/texmf-dist/tex/latex/tools/calc.sty
Package: calc 2014/10/28 v4.3 Infix arithmetic (KKT,FJ)
\calc@Acount=\count134
\calc@Bcount=\count135
\calc@Adimen=\dimen149
\calc@Bdimen=\dimen150
\calc@Askip=\skip52
\calc@Bskip=\skip53
LaTeX Info: Redefining \setlength on input line 80.
LaTeX Info: Redefining \addtolength on input line 81.
\calc@Ccount=\count136
\calc@Cskip=\skip54
)
Package texpower Info: Producing printout version. Dynamic features inactive. o
n input line 212.
(/usr/local/texlive/2017/texmf-dist/tex/latex/texpower/tpoptions.cfg)
\c@tmpcnta@TP=\count137
\c@tmpcntb@TP=\count138
\tempdima@TP=\skip55
\tempdimb@TP=\skip56
\tempbox@TP=\box54
\pbox@TP=\box55
\c@stripe@TP=\count139
\c@stripes@TP=\count140
\c@gradprogression@TP=\count141
\c@dgradhslope@TP=\count142
\c@dgradvslope@TP=\count143
\bgndbox@TP=\box56
\mempageconts@TP=\box57
\memfootins@TP=\insert199
\memoutput@TP=\toks31
\c@totalsteps=\count144
\c@firststep=\count145
\c@step=\count146
\c@stepcommand=\count147
\c@stepsperformed=\count148
\highlightboxsep=\skip57
\c@substep=\count149
\c@o@fs@TP=\count150
\ep@TP=\toks32

(/usr/local/texlive/2017/texmf-dist/tex/latex/texpower/tpsettings.cfg)))
(/usr/local/texlive/2017/texmf-dist/tex/latex/hyperref/nameref.sty
Package: nameref 2016/05/21 v2.44 Cross-referencing by name of section

(/usr/local/texlive/2017/texmf-dist/tex/generic/oberdiek/gettitlestring.sty
Package: gettitlestring 2016/05/16 v1.5 Cleanup title references (HO)
)
\c@section@level=\count151
)

Package geometry Warning: Over-specification in `h'-direction.
    `width' (722.96999pt) is ignored.

) (/usr/local/texlive/2017/texmf-dist/tex/latex/base/inputenc.sty
Package: inputenc 2015/03/17 v1.2c Input encoding file
\inpenc@prehook=\toks33
\inpenc@posthook=\toks34

(/usr/local/texlive/2017/texmf-dist/tex/latex/base/latin1.def
File: latin1.def 2015/03/17 v1.2c Input encoding file
))
(/usr/local/texlive/2017/texmf-dist/tex/latex/pdfpages/pdfpages.sty
Package: pdfpages 2017/01/14 v0.5h Insert pages of external PDF documents (AM)
\AM@pagewidth=\dimen151
\AM@pageheight=\dimen152

(/usr/local/texlive/2017/texmf-dist/tex/latex/pdfpages/pppdftex.def
File: pppdftex.def 2017/01/14 v0.5h Pdfpages driver for pdfTeX (AM)
)
\AM@pagebox=\box58
\AM@global@opts=\toks35
\AM@toc@title=\toks36
\c@AM@survey=\count152
\AM@templatesizebox=\box59
)
(/usr/local/texlive/2017/texmf-dist/tex/latex/paralist/paralist.sty
Package: paralist 2017/01/22 v2.7 Extended list environments
\pltopsep=\skip58
\plpartopsep=\skip59
\plitemsep=\skip60
\plparsep=\skip61
\pl@lab=\toks37
)
(/usr/local/texlive/2017/texmf-dist/tex/latex/tools/bm.sty
Package: bm 2017/01/16 v1.2c Bold Symbol Support (DPC/FMi)
\symboldoperators=\mathgroup6
\symboldletters=\mathgroup7
\symboldsymbols=\mathgroup8
LaTeX Font Info:    Redeclaring math alphabet \mathbf on input line 141.
LaTeX Info: Redefining \bm on input line 207.
)
(/usr/local/texlive/2017/texmf-dist/tex/latex/jknapltx/mathrsfs.sty
Package: mathrsfs 1996/01/01 Math RSFS package v1.0 (jk)
\symrsfs=\mathgroup9
)
\c@cap=\count153
\c@definiz=\count154
\c@teo=\count155

No file presentazione.aux.
\openout1 = `presentazione.aux'.

LaTeX Font Info:    Checking defaults for OML/cmm/m/it on input line 74.
LaTeX Font Info:    ... okay on input line 74.
LaTeX Font Info:    Checking defaults for T1/cmr/m/n on input line 74.
LaTeX Font Info:    ... okay on input line 74.
LaTeX Font Info:    Checking defaults for OT1/cmr/m/n on input line 74.
LaTeX Font Info:    ... okay on input line 74.
LaTeX Font Info:    Checking defaults for OMS/cmsy/m/n on input line 74.
LaTeX Font Info:    ... okay on input line 74.
LaTeX Font Info:    Checking defaults for OMX/cmex/m/n on input line 74.
LaTeX Font Info:    ... okay on input line 74.
LaTeX Font Info:    Checking defaults for U/cmr/m/n on input line 74.
LaTeX Font Info:    ... okay on input line 74.
LaTeX Font Info:    Checking defaults for PD1/pdf/m/n on input line 74.
LaTeX Font Info:    ... okay on input line 74.
LaTeX Info: Redefining \it@ocap on input line 74.
LaTeX Info: Redefining \it@ccap on input line 74.

File italian.ldf warning: 
italian.ldf    With OT1 encoding guillemets are poorly faked
italian.ldf    Use T1 encoding
italian.ldf    or specify a font with command \CaporaliFrom
italian.ldf    See the documentation concerning the babel-italian typesetting 
italian.ldf    on input line 74.

(/usr/local/texlive/2017/texmf-dist/tex/context/base/mkii/supp-pdf.mkii
[Loading MPS to PDF converter (version 2006.09.02).]
\scratchcounter=\count156
\scratchdimen=\dimen153
\scratchbox=\box60
\nofMPsegments=\count157
\nofMParguments=\count158
\everyMPshowfont=\toks38
\MPscratchCnt=\count159
\MPscratchDim=\dimen154
\MPnumerator=\count160
\makeMPintoPDFobject=\count161
\everyMPtoPDFconversion=\toks39
) (/usr/local/texlive/2017/texmf-dist/tex/latex/oberdiek/epstopdf-base.sty
Package: epstopdf-base 2016/05/15 v2.6 Base part for package epstopdf

(/usr/local/texlive/2017/texmf-dist/tex/latex/oberdiek/grfext.sty
Package: grfext 2016/05/16 v1.2 Manage graphics extensions (HO)
)
Package epstopdf-base Info: Redefining graphics rule for `.eps' on input line 4
38.
Package grfext Info: Graphics extension search list:
(grfext)             [.png,.pdf,.jpg,.mps,.jpeg,.jbig2,.jb2,.PNG,.PDF,.JPG,.JPE
G,.JBIG2,.JB2,.eps]
(grfext)             \AppendGraphicsExtensions on input line 456.

(/usr/local/texlive/2017/texmf-dist/tex/latex/latexconfig/epstopdf-sys.cfg
File: epstopdf-sys.cfg 2010/07/13 v1.3 Configuration of (r)epstopdf for TeX Liv
e
))
\AtBeginShipoutBox=\box61
Package hyperref Info: Link coloring ON on input line 74.
LaTeX Info: Redefining \ref on input line 74.
LaTeX Info: Redefining \pageref on input line 74.
LaTeX Info: Redefining \nameref on input line 74.
\@outlinefile=\write3
\openout3 = `presentazione.out'.


*geometry* driver: auto-detecting
*geometry* detected driver: pdftex
*geometry* verbose mode - [ preamble ] result:
* driver: pdftex
* paper: custom
* layout: <same size as paper>
* layoutoffset:(h,v)=(0.0pt,0.0pt)
* modes: includehead includefoot 
* h-part:(L,W,R)=(36.0pt, 722.96999pt, 36.0pt)
* v-part:(T,H,B)=(0.0pt, 614.295pt, 0.0pt)
* \paperwidth=794.96999pt
* \paperheight=614.295pt
* \textwidth=722.96999pt
* \textheight=516.295pt
* \oddsidemargin=-36.26999pt
* \evensidemargin=-36.26999pt
* \topmargin=-72.26999pt
* \headheight=78.0pt
* \headsep=20.0pt
* \topskip=12.0pt
* \footskip=0.0pt
* \marginparwidth=44.0pt
* \marginparsep=10.0pt
* \columnsep=10.0pt
* \skip\footins=10.8pt plus 4.0pt minus 2.0pt
* \hoffset=0.0pt
* \voffset=-9.0pt
* \mag=1000
* \@twocolumnfalse
* \@twosidefalse
* \@mparswitchfalse
* \@reversemarginfalse
* (1in=72.27pt=25.4mm, 1cm=28.453pt)



pdfTeX warning: pdflatex: \pdfmatch: empty (sub)expression

Package hyperref Warning: Internal error: Wrong pattern!
(hyperref)                --> ^(|[0-9]+\.?[0-9]*|[0-9]*\.?[0-9]+)$ <--
(hyperref)                Pattern check ignored on input line 74.


Package texpower Warning: pdftex doesn't need color stack correction.
(texpower)                Option fixcolorstack disabled. on input line 74.

(/usr/local/texlive/2017/texmf-dist/tex/latex/oberdiek/pdflscape.sty
Package: pdflscape 2016/05/14 v0.11 Display of landscape pages in PDF (HO)

(/usr/local/texlive/2017/texmf-dist/tex/latex/graphics/lscape.sty
Package: lscape 2000/10/22 v3.01 Landscape Pages (DPC)
)
Package pdflscape Info: Auto-detected driver: pdftex on input line 81.
)
<polloPallido2.pdf, id=4, 406.51875pt x 406.51875pt>
File: polloPallido2.pdf Graphic file (type pdf)
 <use polloPallido2.pdf>
Package pdftex.def Info: polloPallido2.pdf used on input line 76.
(pdftex.def)             Requested size: 406.51775pt x 406.51775pt.
LaTeX Font Info:    Try loading font information for U+rsfs on input line 76.

(/usr/local/texlive/2017/texmf-dist/tex/latex/jknapltx/ursfs.fd
File: ursfs.fd 1998/03/24 rsfs font definition file (jk)
) [1

{/usr/local/texlive/2017/texmf-var/fonts/map/pdftex/updmap/pdftex.map} </Users/
luca/Library/texmf/tex/pictures/polloPallido2.pdf>]
<pollo.pdf, id=18, 406.51875pt x 406.51875pt>
File: pollo.pdf Graphic file (type pdf)
 <use pollo.pdf>
Package pdftex.def Info: pollo.pdf used on input line 84.
(pdftex.def)             Requested size: 85.35826pt x 85.35284pt.
 [2 </Users/luca/Library/texmf/tex/pictures/pollo.pdf>] [3]
LaTeX Font Info:    Calculating math sizes for size <36> on input line 90.


LaTeX Font Warning: Font shape `U/rsfs/m/n' in size <36> not available
(Font)              size <24.88> substituted on input line 90.


LaTeX Font Warning: Font shape `U/rsfs/m/n' in size <18> not available
(Font)              size <17.28> substituted on input line 90.

pdfTeX warning (ext4): destination with the same identifier (name{firstpage.3})
 has been already used, duplicate ignored
<to be read again> 
                   \relax 
l.94 \pause
            [3] [3] [3]
LaTeX Font Info:    Calculating math sizes for size <32> on input line 106.


LaTeX Font Warning: Font shape `U/rsfs/m/n' in size <32> not available
(Font)              size <24.88> substituted on input line 106.


LaTeX Font Warning: Font shape `U/rsfs/m/n' in size <22.3999> not available
(Font)              size <20.74> substituted on input line 106.


LaTeX Font Warning: Font shape `U/rsfs/m/n' in size <16> not available
(Font)              size <17.28> substituted on input line 106.

pdfTeX warning (ext4): destination with the same identifier (name{slide.3}) has
 been already used, duplicate ignored
<to be read again> 
                   \relax 
l.112 \newpage
              pdfTeX warning (ext4): destination with the same identifier (name
{page.3}) has been already used, duplicate ignored
<to be read again> 
                   \relax 
l.112 \newpage
               [3] [4] [5]pdfTeX warning (ext4): destination with the same iden
tifier (name{firstpage.5}) has been already used, duplicate ignored
<to be read again> 
                   \relax 
l.127 \pause
             [5] [5]
LaTeX Font Info:    Calculating math sizes for size <28> on input line 138.


LaTeX Font Warning: Font shape `U/rsfs/m/n' in size <28> not available
(Font)              size <24.88> substituted on input line 138.


LaTeX Font Warning: Font shape `U/rsfs/m/n' in size <19.59991> not available
(Font)              size <20.74> substituted on input line 138.

[5] [5] [5]pdfTeX warning (ext4): destination with the same identifier (name{sl
ide.5}) has been already used, duplicate ignored
<to be read again> 
                   \relax 
l.160 \section{Punti e pause}
                             pdfTeX warning (ext4): destination with the same i
dentifier (name{page.5}) has been already used, duplicate ignored
<to be read again> 
                   \relax 
l.160 \section{Punti e pause}
                              [5] [6]pdfTeX warning (ext4): destination with th
e same identifier (name{firstpage.6}) has been already used, duplicate ignored
<to be read again> 
                   \relax 
l.166 \pause
             [6] [6] [6] [6] [6] [6] [6] [6] [6]pdfTeX warning (ext4): destinat
ion with the same identifier (name{slide.6}) has been already used, duplicate i
gnored
<to be read again> 
                   \relax 
l.226 \section{Dimensioni e colori}
                                   pdfTeX warning (ext4): destination with the 
same identifier (name{page.6}) has been already used, duplicate ignored
<to be read again> 
                   \relax 
l.226 \section{Dimensioni e colori}
                                    [6] [7]pdfTeX warning (ext4): destination w
ith the same identifier (name{firstpage.7}) has been already used, duplicate ig
nored
<to be read again> 
                   \relax 
l.232 \pause
             [7] [7]

LaTeX Font Warning: Font shape `OT1/cmtt/bx/n' in size <28> not available
(Font)              Font shape `OT1/cmtt/m/n' tried instead on input line 245.


LaTeX Font Warning: Font shape `OT1/cmtt/bx/n' in size <24.88> not available
(Font)              Font shape `OT1/cmtt/m/n' tried instead on input line 250.

pdfTeX warning (ext4): destination with the same identifier (name{slide.7}) has
 been already used, duplicate ignored
<to be read again> 
                   \relax 
l.254 \section{Formule}
                       pdfTeX warning (ext4): destination with the same identif
ier (name{page.7}) has been already used, duplicate ignored
<to be read again> 
                   \relax 
l.254 \section{Formule}
                        [7] [8]pdfTeX warning (ext4): destination with the same
 identifier (name{firstpage.8}) has been already used, duplicate ignored
<to be read again> 
                   \relax 
l.262 \pause
             [8] [8] [8] [8] [8] [8] [8] [8] [8]pdfTeX warning (ext4): destinat
ion with the same identifier (name{slide.8}) has been already used, duplicate i
gnored
<to be read again> 
                   \relax 
l.286 \chapter{Altre cose}
                          pdfTeX warning (ext4): destination with the same iden
tifier (name{page.8}) has been already used, duplicate ignored
<to be read again> 
                   \relax 
l.286 \chapter{Altre cose}
                           [8]
File: pollo.pdf Graphic file (type pdf)
 <use pollo.pdf>
Package pdftex.def Info: pollo.pdf used on input line 286.
(pdftex.def)             Requested size: 85.35826pt x 85.35284pt.
 [9] [10]pdfTeX warning (ext4): destination with the same identifier (name{firs
tpage.10}) has been already used, duplicate ignored
<to be read again> 
                   \relax 
l.301 \pause
             [10] <./figure/pitagora3.pdf, id=202, 210.7875pt x 231.86626pt>
File: ./figure/pitagora3.pdf Graphic file (type pdf)

<use ./figure/pitagora3.pdf>
Package pdftex.def Info: ./figure/pitagora3.pdf used on input line 304.
(pdftex.def)             Requested size: 316.18048pt x 347.79851pt.
pdfTeX warning (ext4): destination with the same identifier (name{slide.10}) ha
s been already used, duplicate ignored
<to be read again> 
                   \relax 
l.309 \section{Figure progressive}
                                  pdfTeX warning (ext4): destination with the s
ame identifier (name{page.10}) has been already used, duplicate ignored
<to be read again> 
                   \relax 
l.309 \section{Figure progressive}
                                   [10 <./figure/pitagora3.pdf>] [11]
<./figure/pitagora1.pdf, id=217, 210.7875pt x 231.86626pt>
File: ./figure/pitagora1.pdf Graphic file (type pdf)

<use ./figure/pitagora1.pdf>
Package pdftex.def Info: ./figure/pitagora1.pdf used on input line 312.
(pdftex.def)             Requested size: 252.94374pt x 278.2381pt.
pdfTeX warning (ext4): destination with the same identifier (name{firstpage.11}
) has been already used, duplicate ignored
<to be read again> 
                   \relax 
l.319 \pause
             [11 <./figure/pitagora1.pdf>]pdfTeX warning (ext4): destination wi
th the same identifier (name{slide.11}) has been already used, duplicate ignore
d
<to be read again> 
                   \relax 
l.339 \newframe
               pdfTeX warning (ext4): destination with the same identifier (nam
e{page.11}) has been already used, duplicate ignored
<to be read again> 
                   \relax 
l.339 \newframe
                [11]
File: ./figure/pitagora1.pdf Graphic file (type pdf)
 <use ./figure/pitagora1.pdf>
Package pdftex.def Info: ./figure/pitagora1.pdf used on input line 343.
(pdftex.def)             Requested size: 252.94374pt x 278.2381pt.
pdfTeX warning (ext4): destination with the same identifier (name{slide.11}) ha
s been already used, duplicate ignored
<to be read again> 
                   \relax 
l.359 \newframe
               pdfTeX warning (ext4): destination with the same identifier (nam
e{firstpage.11}) has been already used, duplicate ignored
<to be read again> 
                   \relax 
l.359 \newframe
               pdfTeX warning (ext4): destination with the same identifier (nam
e{page.11}) has been already used, duplicate ignored
<to be read again> 
                   \relax 
l.359 \newframe
                [11]
<./figure/pitagora2.pdf, id=233, 210.7875pt x 231.86626pt>
File: ./figure/pitagora2.pdf Graphic file (type pdf)

<use ./figure/pitagora2.pdf>
Package pdftex.def Info: ./figure/pitagora2.pdf used on input line 362.
(pdftex.def)             Requested size: 252.94374pt x 278.2381pt.
pdfTeX warning (ext4): destination with the same identifier (name{slide.11}) ha
s been already used, duplicate ignored
<to be read again> 
                   \relax 
l.384 \newframe
               pdfTeX warning (ext4): destination with the same identifier (nam
e{firstpage.11}) has been already used, duplicate ignored
<to be read again> 
                   \relax 
l.384 \newframe
               pdfTeX warning (ext4): destination with the same identifier (nam
e{page.11}) has been already used, duplicate ignored
<to be read again> 
                   \relax 
l.384 \newframe
                [11 <./figure/pitagora2.pdf>]
File: ./figure/pitagora3.pdf Graphic file (type pdf)
 <use ./figure/pitagora3.pdf>
Package pdftex.def Info: ./figure/pitagora3.pdf used on input line 387.
(pdftex.def)             Requested size: 252.94374pt x 278.2381pt.
pdfTeX warning (ext4): destination with the same identifier (name{slide.11}) ha
s been already used, duplicate ignored
<to be read again> 
                   \relax 
l.414 \section{Transizioni}
                           pdfTeX warning (ext4): destination with the same ide
ntifier (name{firstpage.11}) has been already used, duplicate ignored
<to be read again> 
                   \relax 
l.414 \section{Transizioni}
                           pdfTeX warning (ext4): destination with the same ide
ntifier (name{page.11}) has been already used, duplicate ignored
<to be read again> 
                   \relax 
l.414 \section{Transizioni}
                            [11] [12]pdfTeX warning (ext4): destination with th
e same identifier (name{firstpage.12}) has been already used, duplicate ignored

<to be read again> 
                   \relax 
l.422 \pause
             [12] [12] [12] [12]pdfTeX warning (ext4): destination with the sam
e identifier (name{slide.12}) has been already used, duplicate ignored
<to be read again> 
                   \relax 
l.458 \section{Altro}
                     pdfTeX warning (ext4): destination with the same identifie
r (name{page.12}) has been already used, duplicate ignored
<to be read again> 
                   \relax 
l.458 \section{Altro}
                      [12] [13]pdfTeX warning (ext4): destination with the same
 identifier (name{firstpage.13}) has been already used, duplicate ignored
<to be read again> 
                   \relax 
l.464 \pause
             [13] [13] [13] [13]pdfTeX warning (ext4): destination with the sam
e identifier (name{slide.13}) has been already used, duplicate ignored
<to be read again> 
                   \relax 
l.480 \end{document}
                    pdfTeX warning (ext4): destination with the same identifier
 (name{page.13}) has been already used, duplicate ignored
<to be read again> 
                   \relax 
l.480 \end{document}
                     [13]
File: pollo.pdf Graphic file (type pdf)
 <use pollo.pdf>
Package pdftex.def Info: pollo.pdf used on input line 480.
(pdftex.def)             Requested size: 170.71652pt x 170.71188pt.
 [14]
Package atveryend Info: Empty hook `BeforeClearDocument' on input line 480.
Package atveryend Info: Empty hook `AfterLastShipout' on input line 480.
 (./presentazione.aux)
Package atveryend Info: Executing hook `AtVeryEndDocument' on input line 480.
Package atveryend Info: Executing hook `AtEndAfterFileList' on input line 480.


Package rerunfilecheck Warning: File `presentazione.out' has changed.
(rerunfilecheck)                Rerun to get outlines right
(rerunfilecheck)                or use package `bookmark'.

Package rerunfilecheck Info: Checksums for `presentazione.out':
(rerunfilecheck)             Before: <no file>
(rerunfilecheck)             After:  40958308FE8E9865F45D7768FD2E43AE;624.

LaTeX Font Warning: Size substitutions with differences
(Font)              up to 11.12pt have occurred.


LaTeX Warning: Label(s) may have changed. Rerun to get cross-references right.

 ) 
Here is how much of TeX's memory you used:
 10215 strings out of 492995
 146269 string characters out of 6132688
 264760 words of memory out of 5000000
 13558 multiletter control sequences out of 15000+600000
 41345 words of font info for 151 fonts, out of 8000000 for 9000
 1141 hyphenation exceptions out of 8191
 42i,13n,30p,800b,879s stack positions out of 5000i,500n,10000p,200000b,80000s
</usr/local/texlive/2017/texmf-dist/fonts/type1/public/amsfonts/cm/cmbx12.pfb
></usr/local/texlive/2017/texmf-dist/fonts/type1/public/amsfonts/cm/cmbxsl10.pf
b></usr/local/texlive/2017/texmf-dist/fonts/type1/public/amsfonts/cm/cmex10.pfb
></usr/local/texlive/2017/texmf-dist/fonts/type1/public/amsfonts/cm/cmmi12.pfb>
</usr/local/texlive/2017/texmf-dist/fonts/type1/public/amsfonts/cm/cmr17.pfb></
usr/local/texlive/2017/texmf-dist/fonts/type1/public/amsfonts/cm/cmssbx10.pfb><
/usr/local/texlive/2017/texmf-dist/fonts/type1/public/amsfonts/cm/cmsy10.pfb></
usr/local/texlive/2017/texmf-dist/fonts/type1/public/amsfonts/cm/cmti12.pfb></u
sr/local/texlive/2017/texmf-dist/fonts/type1/public/amsfonts/cm/cmtt12.pfb></us
r/local/texlive/2017/texmf-dist/fonts/type1/public/amsfonts/symbols/msam10.pfb>

Output written on presentazione.pdf (64 pages, 235956 bytes).
PDF statistics:
 345 PDF objects out of 1000 (max. 8388607)
 251 compressed objects within 3 object streams
 50 named destinations out of 1000 (max. 500000)
 26 words of extra memory for PDF output out of 10000 (max. 10000000)

